<?xml version="1.0" encoding="UTF-8"?>
<robot generator="Robot 3.1.2 (Python 3.6.7 on win32)" generated="20200227 21:06:24.130" rpa="false">
<suite id="s1" name="TestSuite1" source="D:\Users\VAravin2\robot-workspace\Project1\test\TestSuite1.robot">
<kw name="Log" library="BuiltIn" type="setup">
<doc>Logs the given message with the given level.</doc>
<arguments>
<arg>Inside suite setup</arg>
</arguments>
<msg timestamp="20200227 21:06:24.712" level="INFO">Inside suite setup</msg>
<status status="PASS" starttime="20200227 21:06:24.712" endtime="20200227 21:06:24.712"></status>
</kw>
<test id="s1-t1" name="MyFirstTest">
<kw name="Log" library="BuiltIn" type="setup">
<doc>Logs the given message with the given level.</doc>
<arguments>
<arg>Inside test setup</arg>
</arguments>
<msg timestamp="20200227 21:06:24.713" level="INFO">Inside test setup</msg>
<status status="PASS" starttime="20200227 21:06:24.713" endtime="20200227 21:06:24.714"></status>
</kw>
<kw name="Log" library="BuiltIn">
<doc>Logs the given message with the given level.</doc>
<arguments>
<arg>Hello World</arg>
</arguments>
<msg timestamp="20200227 21:06:24.714" level="INFO">Hello World</msg>
<status status="PASS" starttime="20200227 21:06:24.714" endtime="20200227 21:06:24.714"></status>
</kw>
<kw name="Log" library="BuiltIn" type="teardown">
<doc>Logs the given message with the given level.</doc>
<arguments>
<arg>Inside test teardown</arg>
</arguments>
<msg timestamp="20200227 21:06:24.715" level="INFO">Inside test teardown</msg>
<status status="PASS" starttime="20200227 21:06:24.715" endtime="20200227 21:06:24.715"></status>
</kw>
<tags>
<tag>Regression</tag>
</tags>
<status status="PASS" starttime="20200227 21:06:24.712" endtime="20200227 21:06:24.715" critical="yes"></status>
</test>
<test id="s1-t2" name="MySecondTest">
<kw name="Log" library="BuiltIn" type="setup">
<doc>Logs the given message with the given level.</doc>
<arguments>
<arg>Inside test setup</arg>
</arguments>
<msg timestamp="20200227 21:06:24.718" level="INFO">Inside test setup</msg>
<status status="PASS" starttime="20200227 21:06:24.717" endtime="20200227 21:06:24.718"></status>
</kw>
<kw name="Log" library="BuiltIn">
<doc>Logs the given message with the given level.</doc>
<arguments>
<arg>Hi</arg>
</arguments>
<msg timestamp="20200227 21:06:24.718" level="INFO">Hi</msg>
<status status="PASS" starttime="20200227 21:06:24.718" endtime="20200227 21:06:24.719"></status>
</kw>
<kw name="Log" library="BuiltIn" type="teardown">
<doc>Logs the given message with the given level.</doc>
<arguments>
<arg>Inside test teardown</arg>
</arguments>
<msg timestamp="20200227 21:06:24.719" level="INFO">Inside test teardown</msg>
<status status="PASS" starttime="20200227 21:06:24.719" endtime="20200227 21:06:24.719"></status>
</kw>
<tags>
<tag>Sanity</tag>
</tags>
<status status="PASS" starttime="20200227 21:06:24.717" endtime="20200227 21:06:24.720" critical="yes"></status>
</test>
<test id="s1-t3" name="FirstSeleniumTest">
<kw name="Log" library="BuiltIn" type="setup">
<doc>Logs the given message with the given level.</doc>
<arguments>
<arg>Inside test setup</arg>
</arguments>
<msg timestamp="20200227 21:06:24.723" level="INFO">Inside test setup</msg>
<status status="PASS" starttime="20200227 21:06:24.722" endtime="20200227 21:06:24.723"></status>
</kw>
<kw name="Open Browser" library="SeleniumLibrary">
<doc>Opens a new browser instance to the optional ``url``.</doc>
<arguments>
<arg>https://www.google.com/</arg>
<arg>chrome</arg>
</arguments>
<msg timestamp="20200227 21:06:24.723" level="INFO">Opening browser 'chrome' to base url 'https://www.google.com/'.</msg>
<status status="PASS" starttime="20200227 21:06:24.723" endtime="20200227 21:06:32.325"></status>
</kw>
<kw name="Set Browser Implicit Wait" library="SeleniumLibrary">
<doc>Sets the implicit wait value used by Selenium.</doc>
<arguments>
<arg>5</arg>
</arguments>
<status status="PASS" starttime="20200227 21:06:32.325" endtime="20200227 21:06:32.327"></status>
</kw>
<kw name="Input Text" library="SeleniumLibrary">
<doc>Types the given ``text`` into the text field identified by ``locator``.</doc>
<arguments>
<arg>name=q</arg>
<arg>capgemini</arg>
</arguments>
<msg timestamp="20200227 21:06:32.328" level="INFO">Typing text 'capgemini' into text field 'name=q'.</msg>
<status status="PASS" starttime="20200227 21:06:32.328" endtime="20200227 21:06:32.514"></status>
</kw>
<kw name="Press Keys" library="SeleniumLibrary">
<doc>Simulates the user pressing key(s) to an element or on the active browser.</doc>
<arguments>
<arg>name=q</arg>
<arg>ENTER</arg>
</arguments>
<msg timestamp="20200227 21:06:32.516" level="INFO">Sending key(s) ('ENTER',) to name=q element.</msg>
<msg timestamp="20200227 21:06:32.797" level="INFO">Pressing special key ENTER to element.</msg>
<msg timestamp="20200227 21:06:32.797" level="INFO">Releasing special key ENTER.</msg>
<status status="PASS" starttime="20200227 21:06:32.515" endtime="20200227 21:06:35.042"></status>
</kw>
<kw name="Sleep" library="BuiltIn">
<doc>Pauses the test executed for the given time.</doc>
<arguments>
<arg>2</arg>
</arguments>
<msg timestamp="20200227 21:06:37.044" level="INFO">Slept 2 seconds</msg>
<status status="PASS" starttime="20200227 21:06:35.044" endtime="20200227 21:06:37.044"></status>
</kw>
<kw name="Close Browser" library="SeleniumLibrary">
<doc>Closes the current browser.</doc>
<status status="PASS" starttime="20200227 21:06:37.055" endtime="20200227 21:06:44.199"></status>
</kw>
<kw name="Log" library="BuiltIn">
<doc>Logs the given message with the given level.</doc>
<arguments>
<arg>Test Completed</arg>
</arguments>
<msg timestamp="20200227 21:06:44.201" level="INFO">Test Completed</msg>
<status status="PASS" starttime="20200227 21:06:44.201" endtime="20200227 21:06:44.201"></status>
</kw>
<kw name="Log" library="BuiltIn" type="teardown">
<doc>Logs the given message with the given level.</doc>
<arguments>
<arg>Inside test teardown</arg>
</arguments>
<msg timestamp="20200227 21:06:44.202" level="INFO">Inside test teardown</msg>
<status status="PASS" starttime="20200227 21:06:44.202" endtime="20200227 21:06:44.202"></status>
</kw>
<tags>
<tag>Sanity</tag>
</tags>
<status status="PASS" starttime="20200227 21:06:24.721" endtime="20200227 21:06:44.202" critical="yes"></status>
</test>
<kw name="Log" library="BuiltIn" type="teardown">
<doc>Logs the given message with the given level.</doc>
<arguments>
<arg>Inside suite teardown</arg>
</arguments>
<msg timestamp="20200227 21:06:44.205" level="INFO">Inside suite teardown</msg>
<status status="PASS" starttime="20200227 21:06:44.205" endtime="20200227 21:06:44.205"></status>
</kw>
<status status="PASS" starttime="20200227 21:06:24.155" endtime="20200227 21:06:44.205"></status>
</suite>
<statistics>
<total>
<stat pass="3" fail="0">Critical Tests</stat>
<stat pass="3" fail="0">All Tests</stat>
</total>
<tag>
<stat pass="1" fail="0">Regression</stat>
<stat pass="2" fail="0">Sanity</stat>
</tag>
<suite>
<stat pass="3" fail="0" id="s1" name="TestSuite1">TestSuite1</stat>
</suite>
</statistics>
<errors>
</errors>
</robot>
